Warning[205] F:\COURSE-PROJECT-ALARM-CLOCK-\MAIN.ASM 11 : Found directive in column 1. (include)
Warning[205] F:\COURSE-PROJECT-ALARM-CLOCK-\MAIN.ASM 12 : Found directive in column 1. (errorlevel)
Error[113]   F:\COURSE-PROJECT-ALARM-CLOCK-\MAIN.ASM 209 : Symbol not previously defined (change_time)
Message[305] F:\COURSE-PROJECT-ALARM-CLOCK-\MAIN.ASM 282 : Using default destination of 1 (file).
Message[305] F:\COURSE-PROJECT-ALARM-CLOCK-\MAIN.ASM 432 : Using default destination of 1 (file).
Warning[207] F:\COURSE-PROJECT-ALARM-CLOCK-\MAIN.ASM 497 : Found label after column 1. (exday)
Warning[207] F:\COURSE-PROJECT-ALARM-CLOCK-\MAIN.ASM 525 : Found label after column 1. (col2)
Warning[205] F:\COURSE-PROJECT-ALARM-CLOCK-\MAIN.ASM 570 : Found directive in column 1. (include)
Message[310] C:\PROGRAM FILES (X86)\MICROCHIP\MPLABX\V4.01\MPASMX\P16F877.INC 1008 : Superseding current maximum RAM and RAM map.
Warning[205] F:\COURSE-PROJECT-ALARM-CLOCK-\MAIN.ASM 571 : Found directive in column 1. (errorlevel)
Error[115]   F:\COURSE-PROJECT-ALARM-CLOCK-\MAIN.ASM 575 : Duplicate label ("bank0" or redefining symbol that cannot be redefined)
Error[115]   F:\COURSE-PROJECT-ALARM-CLOCK-\MAIN.ASM 576 : Duplicate label ("bank1" or redefining symbol that cannot be redefined)
Warning[206] F:\COURSE-PROJECT-ALARM-CLOCK-\MAIN.ASM 627 : Found call to macro in column 1. (wait)
Error[136]   F:\COURSE-PROJECT-ALARM-CLOCK-\MAIN.ASM 627 : Duplicate macro name (wait)
Error[113]   F:\COURSE-PROJECT-ALARM-CLOCK-\MAIN.ASM 628 : Symbol not previously defined (time)
Error[113]   F:\COURSE-PROJECT-ALARM-CLOCK-\MAIN.ASM 630 : Symbol not previously defined (wait5u)
Error[145]   F:\COURSE-PROJECT-ALARM-CLOCK-\MAIN.ASM 631 : Unmatched ENDM
Error[113]   F:\COURSE-PROJECT-ALARM-CLOCK-\MAIN.ASM 768 : Symbol not previously defined (change_time)
Message[305] F:\COURSE-PROJECT-ALARM-CLOCK-\MAIN.ASM 841 : Using default destination of 1 (file).
Message[305] F:\COURSE-PROJECT-ALARM-CLOCK-\MAIN.ASM 991 : Using default destination of 1 (file).
Warning[207] F:\COURSE-PROJECT-ALARM-CLOCK-\MAIN.ASM 1056 : Found label after column 1. (exday)
Warning[207] F:\COURSE-PROJECT-ALARM-CLOCK-\MAIN.ASM 1084 : Found label after column 1. (col2)
Warning[205] F:\COURSE-PROJECT-ALARM-CLOCK-\MAIN.ASM 1129 : Found directive in column 1. (include)
Error[138]   F:\COURSE-PROJECT-ALARM-CLOCK-\MAIN.ASM 1129 : Include files nested too deep
Warning[205] F:\COURSE-PROJECT-ALARM-CLOCK-\MAIN.ASM 1130 : Found directive in column 1. (errorlevel)
Error[115]   F:\COURSE-PROJECT-ALARM-CLOCK-\MAIN.ASM 1134 : Duplicate label ("bank0" or redefining symbol that cannot be redefined)
Error[115]   F:\COURSE-PROJECT-ALARM-CLOCK-\MAIN.ASM 1135 : Duplicate label ("bank1" or redefining symbol that cannot be redefined)
Warning[206] F:\COURSE-PROJECT-ALARM-CLOCK-\MAIN.ASM 1186 : Found call to macro in column 1. (wait)
Error[136]   F:\COURSE-PROJECT-ALARM-CLOCK-\MAIN.ASM 1186 : Duplicate macro name (wait)
Error[113]   F:\COURSE-PROJECT-ALARM-CLOCK-\MAIN.ASM 1187 : Symbol not previously defined (time)
Error[113]   F:\COURSE-PROJECT-ALARM-CLOCK-\MAIN.ASM 1189 : Symbol not previously defined (wait5u)
Error[145]   F:\COURSE-PROJECT-ALARM-CLOCK-\MAIN.ASM 1190 : Unmatched ENDM
Error[113]   F:\COURSE-PROJECT-ALARM-CLOCK-\MAIN.ASM 1327 : Symbol not previously defined (change_time)
Message[305] F:\COURSE-PROJECT-ALARM-CLOCK-\MAIN.ASM 1400 : Using default destination of 1 (file).
Message[305] F:\COURSE-PROJECT-ALARM-CLOCK-\MAIN.ASM 1550 : Using default destination of 1 (file).
Warning[207] F:\COURSE-PROJECT-ALARM-CLOCK-\MAIN.ASM 1615 : Found label after column 1. (exday)
Warning[207] F:\COURSE-PROJECT-ALARM-CLOCK-\MAIN.ASM 1643 : Found label after column 1. (col2)
Error[138]   F:\COURSE-PROJECT-ALARM-CLOCK-\MAIN.ASM 1677 : Include files nested too deep
Warning[207] F:\COURSE-PROJECT-ALARM-CLOCK-\MAIN.ASM 1683 : Found label after column 1. (change_day)
Warning[205] F:\COURSE-PROJECT-ALARM-CLOCK-\MAIN.ASM 1742 : Found directive in column 1. (end)
