Warning[215] ..\..\DESKTOP\LCD_PIC.ASM 12 : Processor superseded by command line.  Verify processor symbol.
Error[105]   ..\..\DESKTOP\LCD_PIC.ASM 17 : Cannot open file (Include File "my_mac.inc" not found)
Error[113]   ..\..\DESKTOP\LCD_PIC.ASM 28 : Symbol not previously defined (PORTB)
Error[113]   ..\..\DESKTOP\LCD_PIC.ASM 29 : Symbol not previously defined (TRISB)
Error[113]   ..\..\DESKTOP\LCD_PIC.ASM 31 : Symbol not previously defined (PORTB)
Error[113]   ..\..\DESKTOP\LCD_PIC.ASM 32 : Symbol not previously defined (TRISB)
Error[113]   ..\..\DESKTOP\LCD_PIC.ASM 71 : Symbol not previously defined (PCL)
Error[105]   ..\..\DESKTOP\LCD_PIC.ASM 72 : Cannot open file (Include File "texts.h" not found)
Error[113]   ..\..\DESKTOP\LCD_PIC.ASM 76 : Symbol not previously defined (CLR_DISP)
Error[113]   ..\..\DESKTOP\LCD_PIC.ASM 82 : Symbol not previously defined (LINE2)
Error[113]   ..\..\DESKTOP\LCD_PIC.ASM 98 : Symbol not previously defined (STATUS)
Error[113]   ..\..\DESKTOP\LCD_PIC.ASM 98 : Symbol not previously defined (Z)
Warning[207] ..\..\DESKTOP\LCD_PIC.ASM 111 : Found label after column 1. (cmp)
Error[122]   ..\..\DESKTOP\LCD_PIC.ASM 111 : Illegal opcode (Temp)
Warning[207] ..\..\DESKTOP\LCD_PIC.ASM 112 : Found label after column 1. (sz)
Error[113]   ..\..\DESKTOP\LCD_PIC.ASM 114 : Symbol not previously defined (LINE2)
Error[113]   ..\..\DESKTOP\LCD_PIC.ASM 120 : Symbol not previously defined (d100mks)
Warning[207] ..\..\DESKTOP\LCD_PIC.ASM 137 : Found label after column 1. (movff)
Error[122]   ..\..\DESKTOP\LCD_PIC.ASM 137 : Illegal opcode (Temp)
Warning[207] ..\..\DESKTOP\LCD_PIC.ASM 138 : Found label after column 1. (cmp)
Error[122]   ..\..\DESKTOP\LCD_PIC.ASM 138 : Illegal opcode (Temp)
Warning[207] ..\..\DESKTOP\LCD_PIC.ASM 139 : Found label after column 1. (sc)
Warning[207] ..\..\DESKTOP\LCD_PIC.ASM 184 : Found label after column 1. (cmp)
Error[122]   ..\..\DESKTOP\LCD_PIC.ASM 184 : Illegal opcode (Temp)
Warning[207] ..\..\DESKTOP\LCD_PIC.ASM 185 : Found label after column 1. (sz)
Error[116]   ..\..\DESKTOP\LCD_PIC.ASM 185 : Address label duplicated or different in second pass (sz)
Error[113]   ..\..\DESKTOP\LCD_PIC.ASM 187 : Symbol not previously defined (LINE1)
Error[113]   ..\..\DESKTOP\LCD_PIC.ASM 303 : Symbol not previously defined (STATUS)
Error[113]   ..\..\DESKTOP\LCD_PIC.ASM 303 : Symbol not previously defined (RP0)
Message[302] ..\..\DESKTOP\LCD_PIC.ASM 305 : Register in operand not in bank 0.  Ensure that bank bits are correct.
Message[302] ..\..\DESKTOP\LCD_PIC.ASM 306 : Register in operand not in bank 0.  Ensure that bank bits are correct.
Error[113]   ..\..\DESKTOP\LCD_PIC.ASM 307 : Symbol not previously defined (STATUS)
Error[113]   ..\..\DESKTOP\LCD_PIC.ASM 307 : Symbol not previously defined (RP0)
Error[113]   ..\..\DESKTOP\LCD_PIC.ASM 328 : Symbol not previously defined (STATUS)
Error[113]   ..\..\DESKTOP\LCD_PIC.ASM 328 : Symbol not previously defined (RP0)
Message[302] ..\..\DESKTOP\LCD_PIC.ASM 330 : Register in operand not in bank 0.  Ensure that bank bits are correct.
Message[302] ..\..\DESKTOP\LCD_PIC.ASM 331 : Register in operand not in bank 0.  Ensure that bank bits are correct.
Error[113]   ..\..\DESKTOP\LCD_PIC.ASM 332 : Symbol not previously defined (STATUS)
Error[113]   ..\..\DESKTOP\LCD_PIC.ASM 332 : Symbol not previously defined (RP0)
Error[113]   ..\..\DESKTOP\LCD_PIC.ASM 357 : Symbol not previously defined (STATUS)
Error[113]   ..\..\DESKTOP\LCD_PIC.ASM 357 : Symbol not previously defined (RP0)
Message[302] ..\..\DESKTOP\LCD_PIC.ASM 359 : Register in operand not in bank 0.  Ensure that bank bits are correct.
Message[302] ..\..\DESKTOP\LCD_PIC.ASM 360 : Register in operand not in bank 0.  Ensure that bank bits are correct.
Error[113]   ..\..\DESKTOP\LCD_PIC.ASM 361 : Symbol not previously defined (STATUS)
Error[113]   ..\..\DESKTOP\LCD_PIC.ASM 361 : Symbol not previously defined (RP0)
Error[113]   ..\..\DESKTOP\LCD_PIC.ASM 372 : Symbol not previously defined (d100mks)
Error[113]   ..\..\DESKTOP\LCD_PIC.ASM 388 : Symbol not previously defined (FUNCTION_SET)
Error[122]   ..\..\DESKTOP\LCD_PIC.ASM 410 : Illegal opcode (mvi)
Error[113]   ..\..\DESKTOP\LCD_PIC.ASM 415 : Symbol not previously defined (delay1)
Error[122]   ..\..\DESKTOP\LCD_PIC.ASM 418 : Illegal opcode (mvi)
Error[113]   ..\..\DESKTOP\LCD_PIC.ASM 426 : Symbol not previously defined (STATUS)
Error[113]   ..\..\DESKTOP\LCD_PIC.ASM 426 : Symbol not previously defined (RP0)
Error[113]   ..\..\DESKTOP\LCD_PIC.ASM 428 : Symbol not previously defined (OPTION_REG)
Error[113]   ..\..\DESKTOP\LCD_PIC.ASM 430 : Symbol not previously defined (PORTB)
Error[113]   ..\..\DESKTOP\LCD_PIC.ASM 432 : Symbol not previously defined (PORTA)
Error[113]   ..\..\DESKTOP\LCD_PIC.ASM 433 : Symbol not previously defined (STATUS)
Error[113]   ..\..\DESKTOP\LCD_PIC.ASM 433 : Symbol not previously defined (RP0)
Error[113]   ..\..\DESKTOP\LCD_PIC.ASM 442 : Symbol not previously defined (PORTA)
Error[113]   ..\..\DESKTOP\LCD_PIC.ASM 443 : Symbol not previously defined (PORTB)
Error[113]   ..\..\DESKTOP\LCD_PIC.ASM 445 : Symbol not previously defined (INTCON)
Error[113]   ..\..\DESKTOP\LCD_PIC.ASM 454 : Symbol not previously defined (INTCON)
Error[113]   ..\..\DESKTOP\LCD_PIC.ASM 454 : Symbol not previously defined (T0IF)
Error[113]   ..\..\DESKTOP\LCD_PIC.ASM 455 : Symbol not previously defined (STATUS)
Error[113]   ..\..\DESKTOP\LCD_PIC.ASM 455 : Symbol not previously defined (RP0)
Error[113]   ..\..\DESKTOP\LCD_PIC.ASM 457 : Symbol not previously defined (STATUS)
Error[113]   ..\..\DESKTOP\LCD_PIC.ASM 457 : Symbol not previously defined (RP0)
Error[113]   ..\..\DESKTOP\LCD_PIC.ASM 463 : Symbol not previously defined (STATUS)
Error[113]   ..\..\DESKTOP\LCD_PIC.ASM 466 : Symbol not previously defined (TMR0)
Warning[207] ..\..\DESKTOP\LCD_PIC.ASM 468 : Found label after column 1. (cmp)
Error[122]   ..\..\DESKTOP\LCD_PIC.ASM 468 : Illegal opcode (t50ms)
Warning[207] ..\..\DESKTOP\LCD_PIC.ASM 469 : Found label after column 1. (sz)
Error[116]   ..\..\DESKTOP\LCD_PIC.ASM 469 : Address label duplicated or different in second pass (sz)
Warning[207] ..\..\DESKTOP\LCD_PIC.ASM 473 : Found label after column 1. (cmp)
Error[122]   ..\..\DESKTOP\LCD_PIC.ASM 473 : Illegal opcode (t1sec)
Warning[207] ..\..\DESKTOP\LCD_PIC.ASM 474 : Found label after column 1. (sz)
Error[116]   ..\..\DESKTOP\LCD_PIC.ASM 474 : Address label duplicated or different in second pass (sz)
Warning[207] ..\..\DESKTOP\LCD_PIC.ASM 477 : Found label after column 1. (mvi)
Error[122]   ..\..\DESKTOP\LCD_PIC.ASM 477 : Illegal opcode (t50ms)
Warning[207] ..\..\DESKTOP\LCD_PIC.ASM 479 : Found label after column 1. (cmp)
Error[122]   ..\..\DESKTOP\LCD_PIC.ASM 479 : Illegal opcode (t1min)
Warning[207] ..\..\DESKTOP\LCD_PIC.ASM 480 : Found label after column 1. (sz)
Error[116]   ..\..\DESKTOP\LCD_PIC.ASM 480 : Address label duplicated or different in second pass (sz)
Warning[207] ..\..\DESKTOP\LCD_PIC.ASM 485 : Found label after column 1. (mvi)
Error[122]   ..\..\DESKTOP\LCD_PIC.ASM 485 : Illegal opcode (t1sec)
Warning[207] ..\..\DESKTOP\LCD_PIC.ASM 486 : Found label after column 1. (mvi)
Error[122]   ..\..\DESKTOP\LCD_PIC.ASM 486 : Illegal opcode (t50ms)
Warning[207] ..\..\DESKTOP\LCD_PIC.ASM 488 : Found label after column 1. (cmp)
Error[122]   ..\..\DESKTOP\LCD_PIC.ASM 488 : Illegal opcode (t1hour)
Warning[207] ..\..\DESKTOP\LCD_PIC.ASM 489 : Found label after column 1. (sz)
Error[116]   ..\..\DESKTOP\LCD_PIC.ASM 489 : Address label duplicated or different in second pass (sz)
Error[113]   ..\..\DESKTOP\LCD_PIC.ASM 494 : Symbol not previously defined (STATUS)
Error[113]   ..\..\DESKTOP\LCD_PIC.ASM 497 : Symbol not previously defined (STATUS)
Error[113]   ..\..\DESKTOP\LCD_PIC.ASM 497 : Symbol not previously defined (RP0)
Error[113]   ..\..\DESKTOP\LCD_PIC.ASM 513 : Symbol not previously defined (STATUS)
Error[113]   ..\..\DESKTOP\LCD_PIC.ASM 520 : Symbol not previously defined (STATUS)
